<?xml version="1.0" encoding="UTF-8"?>
<!-- Generated by org.testng.reporters.JUnitReportReporter -->
<testsuite skipped="0" hostname="LAPTOP-J4HJB4SI" name="TestNg.parameter" tests="1" failures="0" timestamp="2020-05-06T19:27:49 IST" time="12.642" errors="0">
  <testcase name="Launch" time="12.642" classname="TestNg.parameter"/>
  <system-out/>
</testsuite> <!-- TestNg.parameter -->
