<?xml version="1.0" encoding="UTF-8"?>
<!-- Generated by org.testng.reporters.JUnitReportReporter -->
<testsuite hostname="LAPTOP-J4HJB4SI" failures="0" tests="1" name="TestNg.FirstTest" time="0.008" errors="0" timestamp="2021-04-12T16:35:25 IST" skipped="0">
  <testcase classname="TestNg.FirstTest" name="Display" time="0.008"/>
  <system-out/>
</testsuite> <!-- TestNg.FirstTest -->
