<?xml version="1.0" encoding="UTF-8"?>
<!-- Generated by org.testng.reporters.JUnitReportReporter -->
<testsuite hostname="LAPTOP-J4HJB4SI" failures="0" tests="2" name="TestNg.Real1" time="12.996" errors="0" timestamp="2021-10-31T22:46:11 IST" skipped="0">
  <testcase classname="TestNg.Real1" name="facebook" time="4.237"/>
  <system-out/>
  <testcase classname="TestNg.Real1" name="Google" time="8.759"/>
  <system-out/>
</testsuite> <!-- TestNg.Real1 -->
