<?xml version="1.0" encoding="UTF-8"?>
<!-- Generated by org.testng.reporters.JUnitReportReporter -->
<testsuite skipped="0" hostname="LAPTOP-J4HJB4SI" name="TestNg.groupTest" tests="2" failures="0" timestamp="2020-05-06T19:02:18 IST" time="0.016" errors="0">
  <testcase name="B" time="0.015" classname="TestNg.groupTest"/>
  <system-out/>
  <testcase name="D" time="0.001" classname="TestNg.groupTest"/>
  <system-out/>
</testsuite> <!-- TestNg.groupTest -->
