<?xml version="1.0" encoding="UTF-8"?>
<!-- Generated by org.testng.reporters.JUnitReportReporter -->
<testsuite skipped="0" hostname="LAPTOP-J4HJB4SI" name="TestNg.dataproviderdemo" tests="3" failures="0" timestamp="2020-05-07T19:00:10 IST" time="0.010" errors="0">
  <testcase name="Demo" time="0.007" classname="TestNg.dataproviderdemo"/>
  <system-out/>
  <testcase name="Demo" time="0.001" classname="TestNg.dataproviderdemo"/>
  <system-out/>
  <testcase name="Demo" time="0.002" classname="TestNg.dataproviderdemo"/>
  <system-out/>
</testsuite> <!-- TestNg.dataproviderdemo -->
