<?xml version="1.0" encoding="UTF-8"?>
<!-- Generated by org.testng.reporters.JUnitReportReporter -->
<testsuite skipped="0" hostname="LAPTOP-J4HJB4SI" name="TestNg.alphabet2" tests="3" failures="0" timestamp="2021-01-07T10:46:13 IST" time="0.020" errors="0">
  <testcase name="Login" time="0.017" classname="TestNg.alphabet2"/>
  <system-out/>
  <testcase name="Book" time="0.002" classname="TestNg.alphabet2"/>
  <system-out/>
  <testcase name="Logout" time="0.001" classname="TestNg.alphabet2"/>
  <system-out/>
</testsuite> <!-- TestNg.alphabet2 -->
