<?xml version="1.0" encoding="UTF-8"?>
<!-- Generated by org.testng.reporters.JUnitReportReporter -->
<testsuite skipped="0" hostname="LAPTOP-J4HJB4SI" name="TestNg.Ivontext" tests="2" failures="0" timestamp="2020-05-07T18:52:53 IST" time="41.577" errors="0">
  <testcase name="facebook" time="11.075" classname="TestNg.Ivontext"/>
  <system-out/>
  <testcase name="netTours" time="30.502" classname="TestNg.Ivontext"/>
  <system-out/>
</testsuite> <!-- TestNg.Ivontext -->
