<?xml version="1.0" encoding="UTF-8"?>
<!-- Generated by org.testng.reporters.JUnitReportReporter -->
<testsuite skipped="0" hostname="LAPTOP-J4HJB4SI" name="TestNg.alphabet" tests="3" failures="0" timestamp="2020-05-06T18:47:45 IST" time="0.014" errors="0">
  <testcase name="Login2" time="0.011" classname="TestNg.alphabet"/>
  <system-out/>
  <testcase name="Book2" time="0.002" classname="TestNg.alphabet"/>
  <system-out/>
  <testcase name="Logout2" time="0.001" classname="TestNg.alphabet"/>
  <system-out/>
</testsuite> <!-- TestNg.alphabet -->
