<?xml version="1.0" encoding="UTF-8"?>
<!-- Generated by org.testng.reporters.JUnitReportReporter -->
<testsuite hostname="LAPTOP-J4HJB4SI" failures="0" tests="1" name="lol.r" time="4.286" errors="0" timestamp="2021-11-01T17:48:27 IST" skipped="0">
  <testcase classname="lol.r" name="check" time="4.286"/>
  <system-out/>
</testsuite> <!-- lol.r -->
