<?xml version="1.0" encoding="UTF-8"?>
<!-- Generated by org.testng.reporters.JUnitReportReporter -->
<testsuite hostname="LAPTOP-J4HJB4SI" failures="0" tests="1" name="lol.p" time="12.081" errors="0" timestamp="2021-11-01T17:51:47 IST" skipped="0">
  <testcase classname="lol.p" name="check" time="12.081"/>
  <system-out/>
</testsuite> <!-- lol.p -->
