<?xml version="1.0" encoding="UTF-8"?>
<!-- Generated by org.testng.reporters.JUnitReportReporter -->
<testsuite hostname="LAPTOP-J4HJB4SI" failures="0" tests="1" name="lol.q" time="4.453" errors="0" timestamp="2021-11-01T17:48:13 IST" skipped="0">
  <testcase classname="lol.q" name="check" time="4.453"/>
  <system-out/>
</testsuite> <!-- lol.q -->
