<?xml version="1.0" encoding="UTF-8"?>
<!-- Generated by org.testng.reporters.JUnitReportReporter -->
<testsuite hostname="LAPTOP-J4HJB4SI" failures="0" tests="2" name="one.ans2" time="9.255" errors="0" timestamp="2021-11-01T18:04:36 IST" skipped="0">
  <testcase classname="one.ans2" name="title" time="5.138"/>
  <system-out/>
  <testcase classname="one.ans2" name="click" time="4.117"/>
  <system-out/>
</testsuite> <!-- one.ans2 -->
