<?xml version="1.0" encoding="UTF-8"?>
<!-- Generated by org.testng.reporters.JUnitReportReporter -->
<testsuite hostname="LAPTOP-J4HJB4SI" failures="0" tests="2" name="one.caaa" time="26.402" errors="0" timestamp="2021-11-01T18:03:09 IST" skipped="0">
  <testcase classname="one.caaa" name="title" time="13.086"/>
  <system-out/>
  <testcase classname="one.caaa" name="click" time="13.316"/>
  <system-out/>
</testsuite> <!-- one.caaa -->
