<?xml version="1.0" encoding="UTF-8"?>
<!-- Generated by org.testng.reporters.JUnitReportReporter -->
<testsuite hostname="LAPTOP-J4HJB4SI" failures="0" tests="2" name="one.ans3" time="9.770" errors="0" timestamp="2021-11-01T18:05:32 IST" skipped="0">
  <testcase classname="one.ans3" name="title" time="4.297"/>
  <system-out/>
  <testcase classname="one.ans3" name="click" time="5.473"/>
  <system-out/>
</testsuite> <!-- one.ans3 -->
