<?xml version="1.0" encoding="UTF-8"?>
<!-- Generated by org.testng.reporters.JUnitReportReporter -->
<testsuite skipped="0" hostname="LAPTOP-J4HJB4SI" name="facebook.Account.facebookTest" tests="1" failures="0" timestamp="2020-05-09T19:53:44 IST" time="9.905" errors="0">
  <testcase name="face" time="9.905" classname="facebook.Account.facebookTest"/>
  <system-out/>
</testsuite> <!-- facebook.Account.facebookTest -->
